# JRE version: Java(TM) SE Runtime Environment (8.0_231-b11) (build 1.8.0_231-b11)
# Java VM: Java HotSpot(TM) 64-Bit Server VM (25.231-b11 mixed mode windows-amd64 compressed oops)
Heap:
 PSYoungGen      total 226816K, used 74907K [0x00000000d5c00000, 0x00000000e9180000, 0x0000000100000000)
  eden space 207360K, 26% used [0x00000000d5c00000,0x00000000d9227878,0x00000000e2680000)
  from space 19456K, 99% used [0x00000000e2680000,0x00000000e397f428,0x00000000e3980000)
  to   space 23552K, 0% used [0x00000000e7a80000,0x00000000e7a80000,0x00000000e9180000)
 ParOldGen       total 70144K, used 33083K [0x0000000081400000, 0x0000000085880000, 0x00000000d5c00000)
  object space 70144K, 47% used [0x0000000081400000,0x000000008344edc0,0x0000000085880000)
 Metaspace       used 33178K, capacity 34038K, committed 34048K, reserved 1079296K
  class space    used 3825K, capacity 4091K, committed 4096K, reserved 1048576K
GC Heap History (10 events):
Event: 10.919 GC heap before
{Heap before GC invocations=6 (full 0):
 PSYoungGen      total 71680K, used 36631K [0x00000000d5c00000, 0x00000000df900000, 0x0000000100000000)
  eden space 66560K, 47% used [0x00000000d5c00000,0x00000000d7acdde8,0x00000000d9d00000)
  from space 5120K, 99% used [0x00000000d9d00000,0x00000000da1f8050,0x00000000da200000)
  to   space 13824K, 0% used [0x00000000deb80000,0x00000000deb80000,0x00000000df900000)
 ParOldGen       total 87552K, used 17665K [0x0000000081400000, 0x0000000086980000, 0x00000000d5c00000)
  object space 87552K, 20% used [0x0000000081400000,0x00000000825404f0,0x0000000086980000)
 Metaspace       used 20723K, capacity 21126K, committed 21296K, reserved 1069056K
  class space    used 2475K, capacity 2642K, committed 2688K, reserved 1048576K
Event: 10.927 GC heap after
Heap after GC invocations=6 (full 0):
 PSYoungGen      total 145920K, used 8592K [0x00000000d5c00000, 0x00000000df800000, 0x0000000100000000)
  eden space 133120K, 0% used [0x00000000d5c00000,0x00000000d5c00000,0x00000000dde00000)
  from space 12800K, 67% used [0x00000000deb80000,0x00000000df3e4060,0x00000000df800000)
  to   space 13312K, 0% used [0x00000000dde00000,0x00000000dde00000,0x00000000deb00000)
 ParOldGen       total 87552K, used 17673K [0x0000000081400000, 0x0000000086980000, 0x00000000d5c00000)
  object space 87552K, 20% used [0x0000000081400000,0x00000000825424f0,0x0000000086980000)
 Metaspace       used 20723K, capacity 21126K, committed 21296K, reserved 1069056K
  class space    used 2475K, capacity 2642K, committed 2688K, reserved 1048576K
}
Event: 10.927 GC heap before
{Heap before GC invocations=7 (full 1):
 PSYoungGen      total 145920K, used 8592K [0x00000000d5c00000, 0x00000000df800000, 0x0000000100000000)
  eden space 133120K, 0% used [0x00000000d5c00000,0x00000000d5c00000,0x00000000dde00000)
  from space 12800K, 67% used [0x00000000deb80000,0x00000000df3e4060,0x00000000df800000)
  to   space 13312K, 0% used [0x00000000dde00000,0x00000000dde00000,0x00000000deb00000)
 ParOldGen       total 87552K, used 17673K [0x0000000081400000, 0x0000000086980000, 0x00000000d5c00000)
  object space 87552K, 20% used [0x0000000081400000,0x00000000825424f0,0x0000000086980000)
 Metaspace       used 20723K, capacity 21126K, committed 21296K, reserved 1069056K
  class space    used 2475K, capacity 2642K, committed 2688K, reserved 1048576K
Event: 10.988 GC heap after
Heap after GC invocations=7 (full 1):
 PSYoungGen      total 145920K, used 0K [0x00000000d5c00000, 0x00000000df800000, 0x0000000100000000)
  eden space 133120K, 0% used [0x00000000d5c00000,0x00000000d5c00000,0x00000000dde00000)
  from space 12800K, 0% used [0x00000000deb80000,0x00000000deb80000,0x00000000df800000)
  to   space 13312K, 0% used [0x00000000dde00000,0x00000000dde00000,0x00000000deb00000)
 ParOldGen       total 70144K, used 17082K [0x0000000081400000, 0x0000000085880000, 0x00000000d5c00000)
  object space 70144K, 24% used [0x0000000081400000,0x00000000824ae8b0,0x0000000085880000)
 Metaspace       used 20723K, capacity 21126K, committed 21296K, reserved 1069056K
  class space    used 2475K, capacity 2642K, committed 2688K, reserved 1048576K
}
Event: 82.167 GC heap before
{Heap before GC invocations=8 (full 1):
 PSYoungGen      total 145920K, used 133120K [0x00000000d5c00000, 0x00000000df800000, 0x0000000100000000)
  eden space 133120K, 100% used [0x00000000d5c00000,0x00000000dde00000,0x00000000dde00000)
  from space 12800K, 0% used [0x00000000deb80000,0x00000000deb80000,0x00000000df800000)
  to   space 13312K, 0% used [0x00000000dde00000,0x00000000dde00000,0x00000000deb00000)
 ParOldGen       total 70144K, used 17082K [0x0000000081400000, 0x0000000085880000, 0x00000000d5c00000)
  object space 70144K, 24% used [0x0000000081400000,0x00000000824ae8b0,0x0000000085880000)
 Metaspace       used 21663K, capacity 22196K, committed 22320K, reserved 1069056K
  class space    used 2496K, capacity 2649K, committed 2688K, reserved 1048576K
Event: 82.177 GC heap after
Heap after GC invocations=8 (full 1):
 PSYoungGen      total 146432K, used 7712K [0x00000000d5c00000, 0x00000000e4800000, 0x0000000100000000)
  eden space 133120K, 0% used [0x00000000d5c00000,0x00000000d5c00000,0x00000000dde00000)
  from space 13312K, 57% used [0x00000000dde00000,0x00000000de588000,0x00000000deb00000)
  to   space 12800K, 0% used [0x00000000e3b80000,0x00000000e3b80000,0x00000000e4800000)
 ParOldGen       total 70144K, used 17090K [0x0000000081400000, 0x0000000085880000, 0x00000000d5c00000)
  object space 70144K, 24% used [0x0000000081400000,0x00000000824b08b0,0x0000000085880000)
 Metaspace       used 21663K, capacity 22196K, committed 22320K, reserved 1069056K
  class space    used 2496K, capacity 2649K, committed 2688K, reserved 1048576K
}
Event: 112.759 GC heap before
{Heap before GC invocations=9 (full 1):
 PSYoungGen      total 146432K, used 140832K [0x00000000d5c00000, 0x00000000e4800000, 0x0000000100000000)
  eden space 133120K, 100% used [0x00000000d5c00000,0x00000000dde00000,0x00000000dde00000)
  from space 13312K, 57% used [0x00000000dde00000,0x00000000de588000,0x00000000deb00000)
  to   space 12800K, 0% used [0x00000000e3b80000,0x00000000e3b80000,0x00000000e4800000)
 ParOldGen       total 70144K, used 17090K [0x0000000081400000, 0x0000000085880000, 0x00000000d5c00000)
  object space 70144K, 24% used [0x0000000081400000,0x00000000824b08b0,0x0000000085880000)
 Metaspace       used 27758K, capacity 28436K, committed 28544K, reserved 1075200K
  class space    used 3228K, capacity 3453K, committed 3456K, reserved 1048576K
Event: 112.776 GC heap after
Heap after GC invocations=9 (full 1):
 PSYoungGen      total 220160K, used 12782K [0x00000000d5c00000, 0x00000000e4c80000, 0x0000000100000000)
  eden space 207360K, 0% used [0x00000000d5c00000,0x00000000d5c00000,0x00000000e2680000)
  from space 12800K, 99% used [0x00000000e3b80000,0x00000000e47fb930,0x00000000e4800000)
  to   space 19456K, 0% used [0x00000000e2680000,0x00000000e2680000,0x00000000e3980000)
 ParOldGen       total 70144K, used 29566K [0x0000000081400000, 0x0000000085880000, 0x00000000d5c00000)
  object space 70144K, 42% used [0x0000000081400000,0x00000000830df938,0x0000000085880000)
 Metaspace       used 27758K, capacity 28436K, committed 28544K, reserved 1075200K
  class space    used 3228K, capacity 3453K, committed 3456K, reserved 1048576K
}
Event: 123.976 GC heap before
{Heap before GC invocations=10 (full 1):
 PSYoungGen      total 220160K, used 220142K [0x00000000d5c00000, 0x00000000e4c80000, 0x0000000100000000)
  eden space 207360K, 100% used [0x00000000d5c00000,0x00000000e2680000,0x00000000e2680000)
  from space 12800K, 99% used [0x00000000e3b80000,0x00000000e47fb930,0x00000000e4800000)
  to   space 19456K, 0% used [0x00000000e2680000,0x00000000e2680000,0x00000000e3980000)
 ParOldGen       total 70144K, used 29566K [0x0000000081400000, 0x0000000085880000, 0x00000000d5c00000)
  object space 70144K, 42% used [0x0000000081400000,0x00000000830df938,0x0000000085880000)
 Metaspace       used 32351K, capacity 33174K, committed 33280K, reserved 1079296K
  class space    used 3740K, capacity 3995K, committed 4096K, reserved 1048576K
Event: 123.993 GC heap after
Heap after GC invocations=10 (full 1):
 PSYoungGen      total 226816K, used 19453K [0x00000000d5c00000, 0x00000000e9180000, 0x0000000100000000)
  eden space 207360K, 0% used [0x00000000d5c00000,0x00000000d5c00000,0x00000000e2680000)
  from space 19456K, 99% used [0x00000000e2680000,0x00000000e397f428,0x00000000e3980000)
  to   space 23552K, 0% used [0x00000000e7a80000,0x00000000e7a80000,0x00000000e9180000)
 ParOldGen       total 70144K, used 33083K [0x0000000081400000, 0x0000000085880000, 0x00000000d5c00000)
  object space 70144K, 47% used [0x0000000081400000,0x000000008344edc0,0x0000000085880000)
 Metaspace       used 32351K, capacity 33174K, committed 33280K, reserved 1079296K
  class space    used 3740K, capacity 3995K, committed 4096K, reserved 1048576K
}

