# JRE version: Java(TM) SE Runtime Environment (8.0_231-b11) (build 1.8.0_231-b11)
# Java VM: Java HotSpot(TM) 64-Bit Server VM (25.231-b11 mixed mode windows-amd64 compressed oops)
Heap:
 PSYoungGen      total 166400K, used 40430K [0x00000000d5c00000, 0x00000000e3400000, 0x0000000100000000)
  eden space 154624K, 18% used [0x00000000d5c00000,0x00000000d77fda70,0x00000000df300000)
  from space 11776K, 99% used [0x00000000e0280000,0x00000000e0dfdf88,0x00000000e0e00000)
  to   space 15872K, 0% used [0x00000000df300000,0x00000000df300000,0x00000000e0280000)
 ParOldGen       total 89088K, used 22753K [0x0000000081400000, 0x0000000086b00000, 0x00000000d5c00000)
  object space 89088K, 25% used [0x0000000081400000,0x0000000082a386d0,0x0000000086b00000)
 Metaspace       used 49849K, capacity 52876K, committed 53120K, reserved 1095680K
  class space    used 6892K, capacity 7732K, committed 7808K, reserved 1048576K
GC Heap History (10 events):
Event: 1.987 GC heap before
{Heap before GC invocations=6 (full 1):
 PSYoungGen      total 71680K, used 5116K [0x00000000d5c00000, 0x00000000def00000, 0x0000000100000000)
  eden space 66560K, 0% used [0x00000000d5c00000,0x00000000d5c00000,0x00000000d9d00000)
  from space 5120K, 99% used [0x00000000d9d00000,0x00000000da1ff120,0x00000000da200000)
  to   space 8704K, 0% used [0x00000000de680000,0x00000000de680000,0x00000000def00000)
 ParOldGen       total 87552K, used 6027K [0x0000000081400000, 0x0000000086980000, 0x00000000d5c00000)
  object space 87552K, 6% used [0x0000000081400000,0x00000000819e2eb0,0x0000000086980000)
 Metaspace       used 19784K, capacity 21138K, committed 21296K, reserved 1067008K
  class space    used 2576K, capacity 2833K, committed 2944K, reserved 1048576K
Event: 2.015 GC heap after
Heap after GC invocations=6 (full 1):
 PSYoungGen      total 71680K, used 0K [0x00000000d5c00000, 0x00000000def00000, 0x0000000100000000)
  eden space 66560K, 0% used [0x00000000d5c00000,0x00000000d5c00000,0x00000000d9d00000)
  from space 5120K, 0% used [0x00000000d9d00000,0x00000000d9d00000,0x00000000da200000)
  to   space 8704K, 0% used [0x00000000de680000,0x00000000de680000,0x00000000def00000)
 ParOldGen       total 55296K, used 5965K [0x0000000081400000, 0x0000000084a00000, 0x00000000d5c00000)
  object space 55296K, 10% used [0x0000000081400000,0x00000000819d34b8,0x0000000084a00000)
 Metaspace       used 19784K, capacity 21138K, committed 21296K, reserved 1067008K
  class space    used 2576K, capacity 2833K, committed 2944K, reserved 1048576K
}
Event: 4.427 GC heap before
{Heap before GC invocations=7 (full 1):
 PSYoungGen      total 71680K, used 66560K [0x00000000d5c00000, 0x00000000def00000, 0x0000000100000000)
  eden space 66560K, 100% used [0x00000000d5c00000,0x00000000d9d00000,0x00000000d9d00000)
  from space 5120K, 0% used [0x00000000d9d00000,0x00000000d9d00000,0x00000000da200000)
  to   space 8704K, 0% used [0x00000000de680000,0x00000000de680000,0x00000000def00000)
 ParOldGen       total 55296K, used 5965K [0x0000000081400000, 0x0000000084a00000, 0x00000000d5c00000)
  object space 55296K, 10% used [0x0000000081400000,0x00000000819d34b8,0x0000000084a00000)
 Metaspace       used 26575K, capacity 28306K, committed 28544K, reserved 1073152K
  class space    used 3497K, capacity 3851K, committed 3968K, reserved 1048576K
Event: 4.438 GC heap after
Heap after GC invocations=7 (full 1):
 PSYoungGen      total 113152K, used 8477K [0x00000000d5c00000, 0x00000000def00000, 0x0000000100000000)
  eden space 104448K, 0% used [0x00000000d5c00000,0x00000000d5c00000,0x00000000dc200000)
  from space 8704K, 97% used [0x00000000de680000,0x00000000deec7780,0x00000000def00000)
  to   space 9216K, 0% used [0x00000000ddd00000,0x00000000ddd00000,0x00000000de600000)
 ParOldGen       total 55296K, used 5973K [0x0000000081400000, 0x0000000084a00000, 0x00000000d5c00000)
  object space 55296K, 10% used [0x0000000081400000,0x00000000819d54b8,0x0000000084a00000)
 Metaspace       used 26575K, capacity 28306K, committed 28544K, reserved 1073152K
  class space    used 3497K, capacity 3851K, committed 3968K, reserved 1048576K
}
Event: 6.054 GC heap before
{Heap before GC invocations=8 (full 1):
 PSYoungGen      total 113152K, used 103422K [0x00000000d5c00000, 0x00000000def00000, 0x0000000100000000)
  eden space 104448K, 90% used [0x00000000d5c00000,0x00000000db8b8198,0x00000000dc200000)
  from space 8704K, 97% used [0x00000000de680000,0x00000000deec7780,0x00000000def00000)
  to   space 9216K, 0% used [0x00000000ddd00000,0x00000000ddd00000,0x00000000de600000)
 ParOldGen       total 55296K, used 5973K [0x0000000081400000, 0x0000000084a00000, 0x00000000d5c00000)
  object space 55296K, 10% used [0x0000000081400000,0x00000000819d54b8,0x0000000084a00000)
 Metaspace       used 33401K, capacity 35380K, committed 35496K, reserved 1079296K
  class space    used 4419K, capacity 4854K, committed 4864K, reserved 1048576K
Event: 6.064 GC heap after
Heap after GC invocations=8 (full 1):
 PSYoungGen      total 141312K, used 9188K [0x00000000d5c00000, 0x00000000e0e00000, 0x0000000100000000)
  eden space 132096K, 0% used [0x00000000d5c00000,0x00000000d5c00000,0x00000000ddd00000)
  from space 9216K, 99% used [0x00000000ddd00000,0x00000000de5f92e0,0x00000000de600000)
  to   space 11776K, 0% used [0x00000000e0280000,0x00000000e0280000,0x00000000e0e00000)
 ParOldGen       total 55296K, used 8265K [0x0000000081400000, 0x0000000084a00000, 0x00000000d5c00000)
  object space 55296K, 14% used [0x0000000081400000,0x0000000081c124e0,0x0000000084a00000)
 Metaspace       used 33401K, capacity 35380K, committed 35496K, reserved 1079296K
  class space    used 4419K, capacity 4854K, committed 4864K, reserved 1048576K
}
Event: 6.064 GC heap before
{Heap before GC invocations=9 (full 2):
 PSYoungGen      total 141312K, used 9188K [0x00000000d5c00000, 0x00000000e0e00000, 0x0000000100000000)
  eden space 132096K, 0% used [0x00000000d5c00000,0x00000000d5c00000,0x00000000ddd00000)
  from space 9216K, 99% used [0x00000000ddd00000,0x00000000de5f92e0,0x00000000de600000)
  to   space 11776K, 0% used [0x00000000e0280000,0x00000000e0280000,0x00000000e0e00000)
 ParOldGen       total 55296K, used 8265K [0x0000000081400000, 0x0000000084a00000, 0x00000000d5c00000)
  object space 55296K, 14% used [0x0000000081400000,0x0000000081c124e0,0x0000000084a00000)
 Metaspace       used 33401K, capacity 35380K, committed 35496K, reserved 1079296K
  class space    used 4419K, capacity 4854K, committed 4864K, reserved 1048576K
Event: 6.134 GC heap after
Heap after GC invocations=9 (full 2):
 PSYoungGen      total 141312K, used 0K [0x00000000d5c00000, 0x00000000e0e00000, 0x0000000100000000)
  eden space 132096K, 0% used [0x00000000d5c00000,0x00000000d5c00000,0x00000000ddd00000)
  from space 9216K, 0% used [0x00000000ddd00000,0x00000000ddd00000,0x00000000de600000)
  to   space 11776K, 0% used [0x00000000e0280000,0x00000000e0280000,0x00000000e0e00000)
 ParOldGen       total 89088K, used 15805K [0x0000000081400000, 0x0000000086b00000, 0x00000000d5c00000)
  object space 89088K, 17% used [0x0000000081400000,0x000000008236f7f8,0x0000000086b00000)
 Metaspace       used 33401K, capacity 35380K, committed 35496K, reserved 1079296K
  class space    used 4419K, capacity 4854K, committed 4864K, reserved 1048576K
}
Event: 11.096 GC heap before
{Heap before GC invocations=10 (full 2):
 PSYoungGen      total 141312K, used 132096K [0x00000000d5c00000, 0x00000000e0e00000, 0x0000000100000000)
  eden space 132096K, 100% used [0x00000000d5c00000,0x00000000ddd00000,0x00000000ddd00000)
  from space 9216K, 0% used [0x00000000ddd00000,0x00000000ddd00000,0x00000000de600000)
  to   space 11776K, 0% used [0x00000000e0280000,0x00000000e0280000,0x00000000e0e00000)
 ParOldGen       total 89088K, used 15805K [0x0000000081400000, 0x0000000086b00000, 0x00000000d5c00000)
  object space 89088K, 17% used [0x0000000081400000,0x000000008236f7f8,0x0000000086b00000)
 Metaspace       used 48542K, capacity 51352K, committed 51456K, reserved 1093632K
  class space    used 6609K, capacity 7366K, committed 7424K, reserved 1048576K
Event: 11.110 GC heap after
Heap after GC invocations=10 (full 2):
 PSYoungGen      total 166400K, used 11767K [0x00000000d5c00000, 0x00000000e3400000, 0x0000000100000000)
  eden space 154624K, 0% used [0x00000000d5c00000,0x00000000d5c00000,0x00000000df300000)
  from space 11776K, 99% used [0x00000000e0280000,0x00000000e0dfdf88,0x00000000e0e00000)
  to   space 15872K, 0% used [0x00000000df300000,0x00000000df300000,0x00000000e0280000)
 ParOldGen       total 89088K, used 22753K [0x0000000081400000, 0x0000000086b00000, 0x00000000d5c00000)
  object space 89088K, 25% used [0x0000000081400000,0x0000000082a386d0,0x0000000086b00000)
 Metaspace       used 48542K, capacity 51352K, committed 51456K, reserved 1093632K
  class space    used 6609K, capacity 7366K, committed 7424K, reserved 1048576K
}

